d:\1.uni\year 4\tri2\sit353-mang\sit353-ass2\pilotv2\build\inter\debug\vc141.pdb
d:\1.uni\year 4\tri2\sit353-mang\sit353-ass2\pilotv2\build\inter\debug\vc141.idb
d:\1.uni\year 4\tri2\sit353-mang\sit353-ass2\pilotv2\build\inter\debug\timer.obj
d:\1.uni\year 4\tri2\sit353-mang\sit353-ass2\pilotv2\build\inter\debug\ship.obj
d:\1.uni\year 4\tri2\sit353-mang\sit353-ass2\pilotv2\build\inter\debug\server.obj
d:\1.uni\year 4\tri2\sit353-mang\sit353-ass2\pilotv2\build\inter\debug\room.obj
d:\1.uni\year 4\tri2\sit353-mang\sit353-ass2\pilotv2\build\inter\debug\quickdraw.obj
d:\1.uni\year 4\tri2\sit353-mang\sit353-ass2\pilotv2\build\inter\debug\networkmanager.obj
d:\1.uni\year 4\tri2\sit353-mang\sit353-ass2\pilotv2\build\inter\debug\gameserverside.obj
d:\1.uni\year 4\tri2\sit353-mang\sit353-ass2\pilotv2\build\inter\debug\gameclientside.obj
d:\1.uni\year 4\tri2\sit353-mang\sit353-ass2\pilotv2\build\inter\debug\client.obj
d:\1.uni\year 4\tri2\sit353-mang\sit353-ass2\pilotv2\build\inter\debug\bullet.obj
d:\1.uni\year 4\tri2\sit353-mang\sit353-ass2\pilotv2\build\inter\debug\actor.obj
d:\1.uni\year 4\tri2\sit353-mang\sit353-ass2\pilotv2\build\debug\00pilotv2.exe
d:\1.uni\year 4\tri2\sit353-mang\sit353-ass2\pilotv2\build\debug\00pilotv2.ilk
d:\1.uni\year 4\tri2\sit353-mang\sit353-ass2\pilotv2\build\debug\00pilotv2.pdb
d:\1.uni\year 4\tri2\sit353-mang\sit353-ass2\pilotv2\build\inter\debug\pilot.obj
d:\1.uni\year 4\tri2\sit353-mang\sit353-ass2\pilotv2\build\inter\debug\00pilotv2.tlog\cl.command.1.tlog
d:\1.uni\year 4\tri2\sit353-mang\sit353-ass2\pilotv2\build\inter\debug\00pilotv2.tlog\cl.read.1.tlog
d:\1.uni\year 4\tri2\sit353-mang\sit353-ass2\pilotv2\build\inter\debug\00pilotv2.tlog\cl.write.1.tlog
d:\1.uni\year 4\tri2\sit353-mang\sit353-ass2\pilotv2\build\inter\debug\00pilotv2.tlog\link.command.1.tlog
d:\1.uni\year 4\tri2\sit353-mang\sit353-ass2\pilotv2\build\inter\debug\00pilotv2.tlog\link.read.1.tlog
d:\1.uni\year 4\tri2\sit353-mang\sit353-ass2\pilotv2\build\inter\debug\00pilotv2.tlog\link.write.1.tlog
